#
# There is insufficient memory for the Java Runtime Environment to continue.
# Native memory allocation (malloc) failed to allocate 82144 bytes for Chunk::new
# Possible reasons:
#   The system is out of physical RAM or swap space
#   In 32 bit mode, the process size limit was hit
# Possible solutions:
#   Reduce memory load on the system
#   Increase physical memory or swap space
#   Check if swap backing store is full
#   Use 64 bit Java on a 64 bit OS
#   Decrease Java heap size (-Xmx/-Xms)
#   Decrease number of Java threads
#   Decrease Java thread stack sizes (-Xss)
#   Set larger code cache with -XX:ReservedCodeCacheSize=
# This output file may be truncated or incomplete.
#
#  Out of Memory Error (allocation.cpp:390), pid=9100, tid=0x00000000000005c0
#
# JRE version: OpenJDK Runtime Environment (8.0_152-b02) (build 1.8.0_152-release-1024-b02)
# Java VM: OpenJDK 64-Bit Server VM (25.152-b02 mixed mode windows-amd64 compressed oops)
# Failed to write core dump. Minidumps are not enabled by default on client versions of Windows
#

---------------  T H R E A D  ---------------

Current thread (0x0000000016c65800):  JavaThread "C2 CompilerThread1" daemon [_thread_in_native, id=1472, stack(0x00000000183c0000,0x00000000184c0000)]

Stack: [0x00000000183c0000,0x00000000184c0000]
[error occurred during error reporting (printing stack bounds), id 0xc0000005]

Native frames: (J=compiled Java code, j=interpreted, Vv=VM code, C=native code)


Current CompileTask:
C2:   8938 1450       4       java.net.URLClassLoader$1::run (5 bytes)


---------------  P R O C E S S  ---------------

Java Threads: ( => current thread )
  0x0000000018f75000 JavaThread "Cache worker for file hash cache (E:\Luna\Java_Project\UserAuthentication\.gradle\4.1\fileHashes)" [_thread_blocked, id=11108, stack(0x000000001b810000,0x000000001b910000)]
  0x0000000019bf6000 JavaThread "File lock request listener" [_thread_in_native, id=6960, stack(0x000000001b510000,0x000000001b610000)]
  0x0000000018dab000 JavaThread "Cache worker for file hash cache (C:\Users\Gubarenko_Marina\.gradle\caches\4.1\fileHashes)" [_thread_blocked, id=4728, stack(0x000000001b410000,0x000000001b510000)]
  0x0000000019a55800 JavaThread "Stdin handler" [_thread_blocked, id=6716, stack(0x000000001b310000,0x000000001b410000)]
  0x0000000019a50800 JavaThread "Asynchronous log dispatcher for DefaultDaemonConnection: socket connection from /127.0.0.1:65266 to /127.0.0.1:65267" [_thread_blocked, id=5408, stack(0x000000001b210000,0x000000001b310000)]
  0x0000000019a64000 JavaThread "Daemon worker" [_thread_in_Java, id=9300, stack(0x000000001b110000,0x000000001b210000)]
  0x0000000019a5e800 JavaThread "Cancel handler" [_thread_blocked, id=11252, stack(0x000000001b010000,0x000000001b110000)]
  0x0000000019b48800 JavaThread "Handler for socket connection from /127.0.0.1:65266 to /127.0.0.1:65267" [_thread_in_native, id=7424, stack(0x000000001ad10000,0x000000001ae10000)]
  0x00000000194d0800 JavaThread "Daemon" [_thread_blocked, id=4112, stack(0x000000001ac10000,0x000000001ad10000)]
  0x00000000194ce800 JavaThread "Daemon periodic checks" [_thread_blocked, id=4944, stack(0x000000001ab10000,0x000000001ac10000)]
  0x0000000019509000 JavaThread "Incoming local TCP Connector on port 65266" [_thread_in_native, id=13264, stack(0x000000001a8d0000,0x000000001a9d0000)]
  0x00000000185e8800 JavaThread "Service Thread" daemon [_thread_blocked, id=9304, stack(0x00000000189c0000,0x0000000018ac0000)]
  0x0000000016c6b000 JavaThread "C1 CompilerThread2" daemon [_thread_in_native, id=2144, stack(0x00000000184c0000,0x00000000185c0000)]
=>0x0000000016c65800 JavaThread "C2 CompilerThread1" daemon [_thread_in_native, id=1472, stack(0x00000000183c0000,0x00000000184c0000)]
  0x0000000016c5f800 JavaThread "C2 CompilerThread0" daemon [_thread_in_native, id=4388, stack(0x00000000182c0000,0x00000000183c0000)]
  0x0000000016c5e000 JavaThread "Attach Listener" daemon [_thread_blocked, id=9456, stack(0x00000000181c0000,0x00000000182c0000)]
  0x0000000016c5d000 JavaThread "Signal Dispatcher" daemon [_thread_blocked, id=10764, stack(0x00000000180c0000,0x00000000181c0000)]
  0x00000000032ed800 JavaThread "Finalizer" daemon [_thread_blocked, id=5260, stack(0x0000000017ec0000,0x0000000017fc0000)]
  0x00000000032e3000 JavaThread "Reference Handler" daemon [_thread_blocked, id=7936, stack(0x0000000017dc0000,0x0000000017ec0000)]
  0x000000000148e800 JavaThread "main" [_thread_blocked, id=8840, stack(0x0000000003050000,0x0000000003150000)]

Other Threads:
  0x0000000016c25800 VMThread [stack: 0x0000000017cc0000,0x0000000017dc0000] [id=12920]
  0x0000000018611000 WatcherThread [stack: 0x0000000018ac0000,0x0000000018bc0000] [id=6648]

VM state:not at safepoint (normal execution)

VM Mutex/Monitor currently owned by a thread: None

Heap:
 PSYoungGen      total 33280K, used 19378K [0x00000000e0000000, 0x00000000e2500000, 0x0000000100000000)
  eden space 28672K, 51% used [0x00000000e0000000,0x00000000e0e70b58,0x00000000e1c00000)
  from space 4608K, 99% used [0x00000000e1c00000,0x00000000e207c010,0x00000000e2080000)
  to   space 4608K, 0% used [0x00000000e2080000,0x00000000e2080000,0x00000000e2500000)
 ParOldGen       total 76800K, used 2166K [0x00000000a0000000, 0x00000000a4b00000, 0x00000000e0000000)
  object space 76800K, 2% used [0x00000000a0000000,0x00000000a021d858,0x00000000a4b00000)
 Metaspace       used 15675K, capacity 15996K, committed 16256K, reserved 1062912K
  class space    used 2208K, capacity 2318K, committed 2432K, reserved 1048576K

Card table byte_map: [0x00000000126b0000,0x00000000129c0000] byte_map_base: 0x00000000121b0000

Marking Bits: (ParMarkBitMap*) 0x0000000058f84970
 Begin Bits: [0x0000000012fc0000, 0x00000000147c0000)
 End Bits:   [0x00000000147c0000, 0x0000000015fc0000)

Polling page: 0x0000000001420000

CodeCache: size=245760Kb used=4945Kb max_used=4945Kb free=240814Kb
 bounds [0x00000000032f0000, 0x00000000037d0000, 0x00000000122f0000]
 total_blobs=1829 nmethods=1460 adapters=283
 compilation: enabled

Compilation events (10 events):
Event: 8.600 Thread 0x0000000016c6b000 1449       3       java.lang.Class::arrayContentsEq (70 bytes)
Event: 8.600 Thread 0x0000000016c6b000 nmethod 1449 0x00000000037c2450 code [0x00000000037c25e0, 0x00000000037c2a10]
Event: 8.600 Thread 0x0000000016c6b000 1448       3       java.io.ByteArrayOutputStream::<init> (7 bytes)
Event: 8.600 Thread 0x0000000016c6b000 nmethod 1448 0x00000000037bee50 code [0x00000000037befc0, 0x00000000037bf148]
Event: 8.642 Thread 0x0000000016c65800 1450       4       java.net.URLClassLoader$1::run (5 bytes)
Event: 8.642 Thread 0x0000000016c5f800 1451   !   4       java.net.URLClassLoader$1::run (63 bytes)
Event: 8.777 Thread 0x0000000016c6b000 1452       3       org.objectweb.asm.ClassWriter::get (49 bytes)
Event: 8.778 Thread 0x0000000016c6b000 nmethod 1452 0x00000000037c2b90 code [0x00000000037c2d20, 0x00000000037c30a8]
Event: 8.778 Thread 0x0000000016c6b000 1453       3       org.objectweb.asm.Item::set (143 bytes)
Event: 8.779 Thread 0x0000000016c6b000 nmethod 1453 0x00000000037c3250 code [0x00000000037c3400, 0x00000000037c3ab8]

GC Heap History (6 events):
Event: 2.537 GC heap before
{Heap before GC invocations=1 (full 0):
 PSYoungGen      total 33280K, used 28672K [0x00000000e0000000, 0x00000000e2500000, 0x0000000100000000)
  eden space 28672K, 100% used [0x00000000e0000000,0x00000000e1c00000,0x00000000e1c00000)
  from space 4608K, 0% used [0x00000000e2080000,0x00000000e2080000,0x00000000e2500000)
  to   space 4608K, 0% used [0x00000000e1c00000,0x00000000e1c00000,0x00000000e2080000)
 ParOldGen       total 76800K, used 0K [0x00000000a0000000, 0x00000000a4b00000, 0x00000000e0000000)
  object space 76800K, 0% used [0x00000000a0000000,0x00000000a0000000,0x00000000a4b00000)
 Metaspace       used 6849K, capacity 7064K, committed 7424K, reserved 1056768K
  class space    used 838K, capacity 909K, committed 1024K, reserved 1048576K
Event: 2.546 GC heap after
Heap after GC invocations=1 (full 0):
 PSYoungGen      total 33280K, used 3885K [0x00000000e0000000, 0x00000000e2500000, 0x0000000100000000)
  eden space 28672K, 0% used [0x00000000e0000000,0x00000000e0000000,0x00000000e1c00000)
  from space 4608K, 84% used [0x00000000e1c00000,0x00000000e1fcb4a0,0x00000000e2080000)
  to   space 4608K, 0% used [0x00000000e2080000,0x00000000e2080000,0x00000000e2500000)
 ParOldGen       total 76800K, used 8K [0x00000000a0000000, 0x00000000a4b00000, 0x00000000e0000000)
  object space 76800K, 0% used [0x00000000a0000000,0x00000000a0002000,0x00000000a4b00000)
 Metaspace       used 6849K, capacity 7064K, committed 7424K, reserved 1056768K
  class space    used 838K, capacity 909K, committed 1024K, reserved 1048576K
}
Event: 6.670 GC heap before
{Heap before GC invocations=2 (full 0):
 PSYoungGen      total 33280K, used 32557K [0x00000000e0000000, 0x00000000e2500000, 0x0000000100000000)
  eden space 28672K, 100% used [0x00000000e0000000,0x00000000e1c00000,0x00000000e1c00000)
  from space 4608K, 84% used [0x00000000e1c00000,0x00000000e1fcb4a0,0x00000000e2080000)
  to   space 4608K, 0% used [0x00000000e2080000,0x00000000e2080000,0x00000000e2500000)
 ParOldGen       total 76800K, used 8K [0x00000000a0000000, 0x00000000a4b00000, 0x00000000e0000000)
  object space 76800K, 0% used [0x00000000a0000000,0x00000000a0002000,0x00000000a4b00000)
 Metaspace       used 10583K, capacity 10836K, committed 11008K, reserved 1058816K
  class space    used 1386K, capacity 1522K, committed 1536K, reserved 1048576K
Event: 6.683 GC heap after
Heap after GC invocations=2 (full 0):
 PSYoungGen      total 33280K, used 4606K [0x00000000e0000000, 0x00000000e2500000, 0x0000000100000000)
  eden space 28672K, 0% used [0x00000000e0000000,0x00000000e0000000,0x00000000e1c00000)
  from space 4608K, 99% used [0x00000000e2080000,0x00000000e24ffa38,0x00000000e2500000)
  to   space 4608K, 0% used [0x00000000e1c00000,0x00000000e1c00000,0x00000000e2080000)
 ParOldGen       total 76800K, used 251K [0x00000000a0000000, 0x00000000a4b00000, 0x00000000e0000000)
  object space 76800K, 0% used [0x00000000a0000000,0x00000000a003ec38,0x00000000a4b00000)
 Metaspace       used 10583K, capacity 10836K, committed 11008K, reserved 1058816K
  class space    used 1386K, capacity 1522K, committed 1536K, reserved 1048576K
}
Event: 8.141 GC heap before
{Heap before GC invocations=3 (full 0):
 PSYoungGen      total 33280K, used 33278K [0x00000000e0000000, 0x00000000e2500000, 0x0000000100000000)
  eden space 28672K, 100% used [0x00000000e0000000,0x00000000e1c00000,0x00000000e1c00000)
  from space 4608K, 99% used [0x00000000e2080000,0x00000000e24ffa38,0x00000000e2500000)
  to   space 4608K, 0% used [0x00000000e1c00000,0x00000000e1c00000,0x00000000e2080000)
 ParOldGen       total 76800K, used 251K [0x00000000a0000000, 0x00000000a4b00000, 0x00000000e0000000)
  object space 76800K, 0% used [0x00000000a0000000,0x00000000a003ec38,0x00000000a4b00000)
 Metaspace       used 13964K, capacity 14364K, committed 14464K, reserved 1060864K
  class space    used 1946K, capacity 2094K, committed 2176K, reserved 1048576K
Event: 8.154 GC heap after
Heap after GC invocations=3 (full 0):
 PSYoungGen      total 33280K, used 4592K [0x00000000e0000000, 0x00000000e2500000, 0x0000000100000000)
  eden space 28672K, 0% used [0x00000000e0000000,0x00000000e0000000,0x00000000e1c00000)
  from space 4608K, 99% used [0x00000000e1c00000,0x00000000e207c010,0x00000000e2080000)
  to   space 4608K, 0% used [0x00000000e2080000,0x00000000e2080000,0x00000000e2500000)
 ParOldGen       total 76800K, used 2166K [0x00000000a0000000, 0x00000000a4b00000, 0x00000000e0000000)
  object space 76800K, 2% used [0x00000000a0000000,0x00000000a021d858,0x00000000a4b00000)
 Metaspace       used 13964K, capacity 14364K, committed 14464K, reserved 1060864K
  class space    used 1946K, capacity 2094K, committed 2176K, reserved 1048576K
}

Deoptimization events (10 events):
Event: 3.446 Thread 0x000000000148e800 Uncommon trap: reason=bimorphic action=maybe_recompile pc=0x000000000357258c method=java.util.HashMap.putVal(ILjava/lang/Object;Ljava/lang/Object;ZZ)Ljava/lang/Object; @ 91
Event: 3.466 Thread 0x000000000148e800 Uncommon trap: reason=bimorphic action=maybe_recompile pc=0x00000000035675ec method=java.util.HashMap.putVal(ILjava/lang/Object;Ljava/lang/Object;ZZ)Ljava/lang/Object; @ 91
Event: 3.911 Thread 0x000000000148e800 Uncommon trap: reason=bimorphic action=maybe_recompile pc=0x00000000036063cc method=java.util.HashMap.putVal(ILjava/lang/Object;Ljava/lang/Object;ZZ)Ljava/lang/Object; @ 203
Event: 4.643 Thread 0x000000000148e800 Uncommon trap: reason=unstable_if action=reinterpret pc=0x0000000003616968 method=java.io.WinNTFileSystem.normalize(Ljava/lang/String;)Ljava/lang/String; @ 128
Event: 4.643 Thread 0x000000000148e800 Uncommon trap: reason=unstable_if action=reinterpret pc=0x00000000035d4900 method=java.io.WinNTFileSystem.normalize(Ljava/lang/String;II)Ljava/lang/String; @ 90
Event: 7.118 Thread 0x0000000019a64000 Uncommon trap: reason=bimorphic action=maybe_recompile pc=0x0000000003605efc method=java.util.HashMap.putVal(ILjava/lang/Object;Ljava/lang/Object;ZZ)Ljava/lang/Object; @ 253
Event: 7.120 Thread 0x0000000019a64000 Uncommon trap: reason=bimorphic action=maybe_recompile pc=0x0000000003605efc method=java.util.HashMap.putVal(ILjava/lang/Object;Ljava/lang/Object;ZZ)Ljava/lang/Object; @ 253
Event: 8.028 Thread 0x0000000019a64000 Uncommon trap: reason=class_check action=maybe_recompile pc=0x000000000355ca08 method=java.util.regex.Matcher.match(II)Z @ 86
Event: 8.029 Thread 0x0000000019a64000 Uncommon trap: reason=class_check action=maybe_recompile pc=0x000000000355ca08 method=java.util.regex.Matcher.match(II)Z @ 86
Event: 8.235 Thread 0x0000000019a64000 Uncommon trap: reason=unstable_if action=reinterpret pc=0x0000000003755cfc method=java.lang.String.lastIndexOf([CII[CIII)I @ 66

Classes redefined (0 events):
No events

Internal exceptions (10 events):
Event: 6.928 Thread 0x0000000019b48800 Exception <a 'java/lang/NoSuchMethodError': <clinit>> (0x00000000e03ad040) thrown at [D:\src\AOSP-openjdk-cygwin\jdk8u\hotspot\src\share\vm\prims\jni.cpp, line 1613]
Event: 6.937 Thread 0x0000000019b48800 Exception <a 'java/lang/NoSuchMethodError': <clinit>> (0x00000000e03cdfe0) thrown at [D:\src\AOSP-openjdk-cygwin\jdk8u\hotspot\src\share\vm\prims\jni.cpp, line 1613]
Event: 6.942 Thread 0x0000000019b48800 Exception <a 'java/lang/NoSuchMethodError': <clinit>> (0x00000000e03e5b88) thrown at [D:\src\AOSP-openjdk-cygwin\jdk8u\hotspot\src\share\vm\prims\jni.cpp, line 1613]
Event: 6.945 Thread 0x0000000019b48800 Exception <a 'java/lang/NoSuchMethodError': <clinit>> (0x00000000e03ee650) thrown at [D:\src\AOSP-openjdk-cygwin\jdk8u\hotspot\src\share\vm\prims\jni.cpp, line 1613]
Event: 6.950 Thread 0x0000000019b48800 Exception <a 'java/lang/NoSuchMethodError': <clinit>> (0x00000000e03ffe70) thrown at [D:\src\AOSP-openjdk-cygwin\jdk8u\hotspot\src\share\vm\prims\jni.cpp, line 1613]
Event: 6.997 Thread 0x0000000019b48800 Exception <a 'java/lang/NoSuchMethodError': <clinit>> (0x00000000e0485180) thrown at [D:\src\AOSP-openjdk-cygwin\jdk8u\hotspot\src\share\vm\prims\jni.cpp, line 1613]
Event: 7.005 Thread 0x0000000019b48800 Exception <a 'java/lang/NoSuchMethodError': <clinit>> (0x00000000e049fc40) thrown at [D:\src\AOSP-openjdk-cygwin\jdk8u\hotspot\src\share\vm\prims\jni.cpp, line 1613]
Event: 7.020 Thread 0x0000000019b48800 Exception <a 'java/lang/NoSuchMethodError': <clinit>> (0x00000000e04c3140) thrown at [D:\src\AOSP-openjdk-cygwin\jdk8u\hotspot\src\share\vm\prims\jni.cpp, line 1613]
Event: 7.078 Thread 0x0000000019a64000 Exception <a 'java/lang/NoSuchMethodError': <clinit>> (0x00000000e05b00d8) thrown at [D:\src\AOSP-openjdk-cygwin\jdk8u\hotspot\src\share\vm\prims\jni.cpp, line 1613]
Event: 7.080 Thread 0x0000000019a64000 Exception <a 'java/lang/NoSuchMethodError': <clinit>> (0x00000000e05b8360) thrown at [D:\src\AOSP-openjdk-cygwin\jdk8u\hotspot\src\share\vm\prims\jni.cpp, line 1613]

Events (10 events):
Event: 8.884 loading class org/gradle/initialization/buildsrc/GroovyBuildSrcProjectConfigurationAction
Event: 8.884 loading class org/gradle/initialization/buildsrc/GroovyBuildSrcProjectConfigurationAction done
Event: 8.892 loading class org/gradle/initialization/NotifyingSettingsLoader
Event: 8.892 loading class org/gradle/initialization/NotifyingSettingsLoader done
Event: 8.893 loading class org/gradle/internal/composite/CompositeBuildSettingsLoader
Event: 8.893 loading class org/gradle/internal/composite/CompositeBuildSettingsLoader done
Event: 8.895 loading class org/gradle/initialization/DefaultSettingsLoader
Event: 8.895 loading class org/gradle/initialization/DefaultSettingsLoader done
Event: 8.896 loading class org/gradle/invocation/DefaultGradle
Event: 8.896 loading class org/gradle/invocation/DefaultGradle done


Dynamic libraries:
0x00007ff604770000 - 0x00007ff6047a1000 	C:\Program Files\Android\Android Studio\jre\bin\java.exe
0x00007ffa51270000 - 0x00007ffa51451000 	C:\WINDOWS\SYSTEM32\ntdll.dll
0x00007ffa50cf0000 - 0x00007ffa50da2000 	C:\WINDOWS\System32\KERNEL32.DLL
0x00007ffa4d920000 - 0x00007ffa4db93000 	C:\WINDOWS\System32\KERNELBASE.dll
0x00007ffa507f0000 - 0x00007ffa50891000 	C:\WINDOWS\System32\ADVAPI32.dll
0x00007ffa4e9a0000 - 0x00007ffa4ea3e000 	C:\WINDOWS\System32\msvcrt.dll
0x00007ffa4e7f0000 - 0x00007ffa4e84b000 	C:\WINDOWS\System32\sechost.dll
0x00007ffa50990000 - 0x00007ffa50ab4000 	C:\WINDOWS\System32\RPCRT4.dll
0x00007ffa50b50000 - 0x00007ffa50ce0000 	C:\WINDOWS\System32\USER32.dll
0x00007ffa4d610000 - 0x00007ffa4d630000 	C:\WINDOWS\System32\win32u.dll
0x00007ffa4ea40000 - 0x00007ffa4ea68000 	C:\WINDOWS\System32\GDI32.dll
0x00007ffa4e400000 - 0x00007ffa4e592000 	C:\WINDOWS\System32\gdi32full.dll
0x00007ffa4e360000 - 0x00007ffa4e3ff000 	C:\WINDOWS\System32\msvcp_win.dll
0x00007ffa4d820000 - 0x00007ffa4d91a000 	C:\WINDOWS\System32\ucrtbase.dll
0x00007ffa3cfa0000 - 0x00007ffa3d209000 	C:\WINDOWS\WinSxS\amd64_microsoft.windows.common-controls_6595b64144ccf1df_6.0.17134.48_none_b4b2216a3cb4dd3e\COMCTL32.dll
0x00007ffa50340000 - 0x00007ffa50663000 	C:\WINDOWS\System32\combase.dll
0x00007ffa4e5f0000 - 0x00007ffa4e66a000 	C:\WINDOWS\System32\bcryptPrimitives.dll
0x00007ffa50b20000 - 0x00007ffa50b4d000 	C:\WINDOWS\System32\IMM32.DLL
0x00000000592f0000 - 0x00000000593c2000 	C:\Program Files\Android\Android Studio\jre\jre\bin\msvcr100.dll
0x00000000587c0000 - 0x0000000058fff000 	C:\Program Files\Android\Android Studio\jre\jre\bin\server\jvm.dll
0x00007ffa50db0000 - 0x00007ffa50db8000 	C:\WINDOWS\System32\PSAPI.DLL
0x00007ffa4aea0000 - 0x00007ffa4aec3000 	C:\WINDOWS\SYSTEM32\WINMM.dll
0x00007ffa483c0000 - 0x00007ffa483ca000 	C:\WINDOWS\SYSTEM32\VERSION.dll
0x00007ffa4ae70000 - 0x00007ffa4ae9a000 	C:\WINDOWS\SYSTEM32\winmmbase.dll
0x00007ffa4e5a0000 - 0x00007ffa4e5e9000 	C:\WINDOWS\System32\cfgmgr32.dll
0x00007ffa440f0000 - 0x00007ffa440f9000 	C:\WINDOWS\SYSTEM32\WSOCK32.dll
0x00007ffa4ff10000 - 0x00007ffa4ff7c000 	C:\WINDOWS\System32\WS2_32.dll
0x00007ffa440e0000 - 0x00007ffa440ef000 	C:\Program Files\Android\Android Studio\jre\jre\bin\verify.dll
0x00007ffa41940000 - 0x00007ffa41969000 	C:\Program Files\Android\Android Studio\jre\jre\bin\java.dll
0x00007ffa417f0000 - 0x00007ffa41806000 	C:\Program Files\Android\Android Studio\jre\jre\bin\zip.dll
0x00007ffa4ead0000 - 0x00007ffa4ff10000 	C:\WINDOWS\System32\SHELL32.dll
0x00007ffa500e0000 - 0x00007ffa50189000 	C:\WINDOWS\System32\shcore.dll
0x00007ffa4dba0000 - 0x00007ffa4e2ad000 	C:\WINDOWS\System32\windows.storage.dll
0x00007ffa4ea70000 - 0x00007ffa4eac1000 	C:\WINDOWS\System32\shlwapi.dll
0x00007ffa4d580000 - 0x00007ffa4d591000 	C:\WINDOWS\System32\kernel.appcore.dll
0x00007ffa4d560000 - 0x00007ffa4d57f000 	C:\WINDOWS\System32\profapi.dll
0x00007ffa4d5a0000 - 0x00007ffa4d5ec000 	C:\WINDOWS\System32\powrprof.dll
0x00007ffa4d550000 - 0x00007ffa4d55a000 	C:\WINDOWS\System32\FLTLIB.DLL
0x00007ffa41720000 - 0x00007ffa4173a000 	C:\Program Files\Android\Android Studio\jre\jre\bin\net.dll
0x00007ffa4cd70000 - 0x00007ffa4cdd6000 	C:\WINDOWS\system32\mswsock.dll
0x00007ffa403b0000 - 0x00007ffa403c1000 	C:\Program Files\Android\Android Studio\jre\jre\bin\nio.dll
0x00007ffa41e60000 - 0x00007ffa41e7e000 	C:\Users\Gubarenko_Marina\.gradle\native\25\windows-amd64\native-platform.dll
0x00007ffa41e50000 - 0x00007ffa41e5d000 	C:\Program Files\Android\Android Studio\jre\jre\bin\management.dll
0x00007ffa4cf80000 - 0x00007ffa4cf97000 	C:\WINDOWS\SYSTEM32\CRYPTSP.dll
0x00007ffa4c950000 - 0x00007ffa4c983000 	C:\WINDOWS\system32\rsaenh.dll
0x00007ffa4d0b0000 - 0x00007ffa4d0d5000 	C:\WINDOWS\SYSTEM32\bcrypt.dll
0x00007ffa4d480000 - 0x00007ffa4d4a8000 	C:\WINDOWS\SYSTEM32\USERENV.dll
0x00007ffa4cfa0000 - 0x00007ffa4cfab000 	C:\WINDOWS\SYSTEM32\CRYPTBASE.dll
0x00007ffa4caf0000 - 0x00007ffa4cb28000 	C:\WINDOWS\SYSTEM32\IPHLPAPI.DLL
0x00007ffa50ce0000 - 0x00007ffa50ce8000 	C:\WINDOWS\System32\NSI.dll
0x00007ffa45b90000 - 0x00007ffa45ba6000 	C:\WINDOWS\SYSTEM32\dhcpcsvc6.DLL
0x00007ffa45cb0000 - 0x00007ffa45cca000 	C:\WINDOWS\SYSTEM32\dhcpcsvc.DLL

VM Arguments:
jvm_args: -Xmx1536m -Dfile.encoding=windows-1251 -Duser.country=RU -Duser.language=ru -Duser.variant 
java_command: org.gradle.launcher.daemon.bootstrap.GradleDaemon 4.1
java_class_path (initial): C:\Users\Gubarenko_Marina\.gradle\wrapper\dists\gradle-4.1-all\bzyivzo6n839fup2jbap0tjew\gradle-4.1\lib\gradle-launcher-4.1.jar
Launcher Type: SUN_STANDARD

Environment Variables:
JAVA_HOME=C:\Program Files\Java\jdk1.7.0_79
PATH=C:\ProgramData\Oracle\Java\javapath;C:\WINDOWS\system32;C:\WINDOWS;C:\WINDOWS\System32\Wbem;C:\WINDOWS\System32\WindowsPowerShell\v1.0\;C:\Program Files\7-Zip;C:\Program Files (x86)\Skype\Phone\;C:\Program Files\dotnet\;C:\Program Files\Microsoft SQL Server\130\Tools\Binn\;C:\Program Files\Git\cmd;C:\Program Files\Java\apache-maven-3.5.3\bin;C:\Program Files (x86)\Microsoft SQL Server\Client SDK\ODBC\130\Tools\Binn\;C:\Program Files (x86)\Microsoft SQL Server\140\Tools\Binn\;C:\Program Files (x86)\Microsoft SQL Server\140\DTS\Binn\;C:\Program Files (x86)\Microsoft SQL Server\140\Tools\Binn\ManagementStudio\;C:\WINDOWS\System32\OpenSSH\;C:\Users\Gubarenko_Marina\AppData\Local\Microsoft\WindowsApps;
USERNAME=Gubarenko_Marina
OS=Windows_NT
PROCESSOR_IDENTIFIER=AMD64 Family 22 Model 48 Stepping 1, AuthenticAMD



---------------  S Y S T E M  ---------------

OS: Windows 10.0 , 64 bit Build 17134 (10.0.17134.1)

CPU:total 4 (initial active 4) (4 cores per cpu, 1 threads per core) family 22 model 48 stepping 1, cmov, cx8, fxsr, mmx, sse, sse2, sse3, ssse3, sse4.1, sse4.2, popcnt, avx, aes, clmul, mmxext, 3dnowpref, lzcnt, sse4a, tsc, tscinvbit, tscinv, bmi1

Memory: 4k page, physical 7303540k(1435124k free), swap 29323636k(2076k free)

vm_info: OpenJDK 64-Bit Server VM (25.152-b02) for windows-amd64 JRE (1.8.0_152-release-1024-b02), built by "builder" with MS VC++ 10.0 (VS2010)

time: Sun Jun 10 19:46:49 2018
elapsed time: 8 seconds (0d 0h 0m 8s)

